#
# There is insufficient memory for the Java Runtime Environment to continue.
# Native memory allocation (malloc) failed to allocate 1541776 bytes for Chunk::new
# Possible reasons:
#   The system is out of physical RAM or swap space
#   The process is running with CompressedOops enabled, and the Java Heap may be blocking the growth of the native heap
# Possible solutions:
#   Reduce memory load on the system
#   Increase physical memory or swap space
#   Check if swap backing store is full
#   Decrease Java heap size (-Xmx/-Xms)
#   Decrease number of Java threads
#   Decrease Java thread stack sizes (-Xss)
#   Set larger code cache with -XX:ReservedCodeCacheSize=
#   JVM is running with Unscaled Compressed Oops mode in which the Java heap is
#     placed in the first 4GB address space. The Java Heap base address is the
#     maximum limit for the native heap growth. Please use -XX:HeapBaseMinAddress
#     to set the Java Heap base and to place the Java Heap above 4GB virtual address.
# This output file may be truncated or incomplete.
#
#  Out of Memory Error (allocation.cpp:389), pid=210208, tid=0x00000000000358b4
#
# JRE version: OpenJDK Runtime Environment (8.0_342-b07) (build 1.8.0_342-b07)
# Java VM: OpenJDK 64-Bit Server VM (25.342-b07 mixed mode windows-amd64 compressed oops)
# Failed to write core dump. Minidumps are not enabled by default on client versions of Windows
#

---------------  T H R E A D  ---------------

Current thread (0x00000266d6529800):  JavaThread "C2 CompilerThread5" daemon [_thread_in_native, id=219316, stack(0x000000aa17600000,0x000000aa17700000)]

Stack: [0x000000aa17600000,0x000000aa17700000]
[error occurred during error reporting (printing stack bounds), id 0xc0000005]

Native frames: (J=compiled Java code, j=interpreted, Vv=VM code, C=native code)


Current CompileTask:
C2:  41863 21988       4       org.jetbrains.org.objectweb.asm.ClassReader::accept (1257 bytes)


---------------  P R O C E S S  ---------------

Java Threads: ( => current thread )
  0x00000266d6621800 JavaThread "Service Thread" daemon [_thread_blocked, id=189788, stack(0x000000aa17d00000,0x000000aa17e00000)]
  0x00000266d6537000 JavaThread "C1 CompilerThread11" daemon [_thread_blocked, id=223668, stack(0x000000aa17c00000,0x000000aa17d00000)]
  0x00000266d6532800 JavaThread "C1 CompilerThread10" daemon [_thread_blocked, id=219920, stack(0x000000aa17b00000,0x000000aa17c00000)]
  0x00000266d6536800 JavaThread "C1 CompilerThread9" daemon [_thread_blocked, id=228312, stack(0x000000aa17a00000,0x000000aa17b00000)]
  0x00000266d6539000 JavaThread "C1 CompilerThread8" daemon [_thread_blocked, id=168928, stack(0x000000aa17900000,0x000000aa17a00000)]
  0x00000266d6539800 JavaThread "C2 CompilerThread7" daemon [_thread_blocked, id=221480, stack(0x000000aa17800000,0x000000aa17900000)]
  0x00000266d652c000 JavaThread "C2 CompilerThread6" daemon [_thread_in_native, id=220844, stack(0x000000aa17700000,0x000000aa17800000)]
=>0x00000266d6529800 JavaThread "C2 CompilerThread5" daemon [_thread_in_native, id=219316, stack(0x000000aa17600000,0x000000aa17700000)]
  0x00000266d6524800 JavaThread "C2 CompilerThread4" daemon [_thread_blocked, id=225632, stack(0x000000aa17500000,0x000000aa17600000)]
  0x00000266d6524000 JavaThread "C2 CompilerThread3" daemon [_thread_in_native, id=226124, stack(0x000000aa17400000,0x000000aa17500000)]
  0x00000266d651c800 JavaThread "C2 CompilerThread2" daemon [_thread_in_native, id=224512, stack(0x000000aa17300000,0x000000aa17400000)]
  0x00000266d651b800 JavaThread "C2 CompilerThread1" daemon [_thread_blocked, id=201884, stack(0x000000aa17200000,0x000000aa17300000)]
  0x00000266d651b000 JavaThread "C2 CompilerThread0" daemon [_thread_in_native, id=223532, stack(0x000000aa17100000,0x000000aa17200000)]
  0x00000266d6509800 JavaThread "Monitor Ctrl-Break" daemon [_thread_in_native, id=226992, stack(0x000000aa17000000,0x000000aa17100000)]
  0x00000266d64c3000 JavaThread "Attach Listener" daemon [_thread_blocked, id=166372, stack(0x000000aa16f00000,0x000000aa17000000)]
  0x00000266d64c0000 JavaThread "Signal Dispatcher" daemon [_thread_blocked, id=183200, stack(0x000000aa16e00000,0x000000aa16f00000)]
  0x00000266d3750800 JavaThread "Finalizer" daemon [_thread_blocked, id=199272, stack(0x000000aa16d00000,0x000000aa16e00000)]
  0x00000266d3747800 JavaThread "Reference Handler" daemon [_thread_blocked, id=204132, stack(0x000000aa16c00000,0x000000aa16d00000)]
  0x00000266be36e000 JavaThread "main" [_thread_in_native, id=172532, stack(0x000000aa15d00000,0x000000aa15e00000)]

Other Threads:
  0x00000266d3740800 VMThread [stack: 0x000000aa16b00000,0x000000aa16c00000] [id=174120]
  0x00000266d6625000 WatcherThread [stack: 0x000000aa17e00000,0x000000aa17f00000] [id=217732]

VM state:not at safepoint (normal execution)

VM Mutex/Monitor currently owned by a thread: None

heap address: 0x00000000a0000000, size: 1536 MB, Compressed Oops mode: 32-bit
Narrow klass base: 0x0000000000000000, Narrow klass shift: 3
Compressed class space size: 1073741824 Address: 0x0000000100000000

Heap:
 PSYoungGen      total 371712K, used 148166K [0x00000000e0000000, 0x0000000100000000, 0x0000000100000000)
  eden space 240128K, 26% used [0x00000000e0000000,0x00000000e3ece6e0,0x00000000eea80000)
  from space 131584K, 63% used [0x00000000eea80000,0x00000000f3c63168,0x00000000f6b00000)
  to   space 133120K, 0% used [0x00000000f7e00000,0x00000000f7e00000,0x0000000100000000)
 ParOldGen       total 327680K, used 213466K [0x00000000a0000000, 0x00000000b4000000, 0x00000000e0000000)
  object space 327680K, 65% used [0x00000000a0000000,0x00000000ad076980,0x00000000b4000000)
 Metaspace       used 90141K, capacity 92958K, committed 93056K, reserved 1130496K
  class space    used 10388K, capacity 11072K, committed 11136K, reserved 1048576K

Card table byte_map: [0x00000266cf450000,0x00000266cf760000] byte_map_base: 0x00000266cef50000

Marking Bits: (ParMarkBitMap*) 0x00000000697d6850
 Begin Bits: [0x00000266cf960000, 0x00000266d1160000)
 End Bits:   [0x00000266d1160000, 0x00000266d2960000)

Polling page: 0x00000266be320000

CodeCache: size=245760Kb used=73460Kb max_used=74100Kb free=172300Kb
 bounds [0x00000266c0090000, 0x00000266c4960000, 0x00000266cf090000]
 total_blobs=18638 nmethods=18010 adapters=535
 compilation: enabled

Compilation events (10 events):
Event: 41.834 Thread 0x00000266d6532800 22234       3       kotlin.sequences.DropSequence$iterator$1::drop (45 bytes)
Event: 41.835 Thread 0x00000266d6532800 nmethod 22234 0x00000266c1d74750 code [0x00000266c1d748e0, 0x00000266c1d74cc0]
Event: 41.837 Thread 0x00000266d6537000 22235       3       com.intellij.util.containers.hash.LinkedHashMap::get (91 bytes)
Event: 41.838 Thread 0x00000266d6537000 nmethod 22235 0x00000266c2a07cd0 code [0x00000266c2a07e80, 0x00000266c2a084b0]
Event: 41.840 Thread 0x00000266d6536800 22236       3       com.intellij.util.containers.RefHashMap$MyMap$1::equals (13 bytes)
Event: 41.840 Thread 0x00000266d6539000 22237       3       com.intellij.util.containers.RefHashMap$MyMap$1::equals (36 bytes)
Event: 41.840 Thread 0x00000266d6532800 22238       3       gnu.trove.THashMap::removeAt (13 bytes)
Event: 41.841 Thread 0x00000266d6536800 nmethod 22236 0x00000266c2c21010 code [0x00000266c2c21180, 0x00000266c2c21530]
Event: 41.841 Thread 0x00000266d6539000 nmethod 22237 0x00000266c2c0ae50 code [0x00000266c2c0b000, 0x00000266c2c0b570]
Event: 41.842 Thread 0x00000266d6532800 nmethod 22238 0x00000266c2caa3d0 code [0x00000266c2caa580, 0x00000266c2caacd0]

GC Heap History (10 events):
Event: 34.890 GC heap before
{Heap before GC invocations=20 (full 3):
 PSYoungGen      total 377856K, used 373768K [0x00000000e0000000, 0x0000000100000000, 0x0000000100000000)
  eden space 275456K, 100% used [0x00000000e0000000,0x00000000f0d00000,0x00000000f0d00000)
  from space 102400K, 96% used [0x00000000f9c00000,0x00000000ffc02350,0x0000000100000000)
  to   space 124416K, 0% used [0x00000000f0d00000,0x00000000f0d00000,0x00000000f8680000)
 ParOldGen       total 327680K, used 213447K [0x00000000a0000000, 0x00000000b4000000, 0x00000000e0000000)
  object space 327680K, 65% used [0x00000000a0000000,0x00000000ad071cb0,0x00000000b4000000)
 Metaspace       used 85038K, capacity 87290K, committed 87808K, reserved 1126400K
  class space    used 10108K, capacity 10666K, committed 10752K, reserved 1048576K
Event: 34.925 GC heap after
Heap after GC invocations=20 (full 3):
 PSYoungGen      total 376320K, used 100479K [0x00000000e0000000, 0x0000000100000000, 0x0000000100000000)
  eden space 275456K, 0% used [0x00000000e0000000,0x00000000e0000000,0x00000000f0d00000)
  from space 100864K, 99% used [0x00000000f0d00000,0x00000000f6f1fd30,0x00000000f6f80000)
  to   space 135168K, 0% used [0x00000000f7c00000,0x00000000f7c00000,0x0000000100000000)
 ParOldGen       total 327680K, used 213447K [0x00000000a0000000, 0x00000000b4000000, 0x00000000e0000000)
  object space 327680K, 65% used [0x00000000a0000000,0x00000000ad071cb0,0x00000000b4000000)
 Metaspace       used 85038K, capacity 87290K, committed 87808K, reserved 1126400K
  class space    used 10108K, capacity 10666K, committed 10752K, reserved 1048576K
}
Event: 35.653 GC heap before
{Heap before GC invocations=21 (full 3):
 PSYoungGen      total 376320K, used 375935K [0x00000000e0000000, 0x0000000100000000, 0x0000000100000000)
  eden space 275456K, 100% used [0x00000000e0000000,0x00000000f0d00000,0x00000000f0d00000)
  from space 100864K, 99% used [0x00000000f0d00000,0x00000000f6f1fd30,0x00000000f6f80000)
  to   space 135168K, 0% used [0x00000000f7c00000,0x00000000f7c00000,0x0000000100000000)
 ParOldGen       total 327680K, used 213447K [0x00000000a0000000, 0x00000000b4000000, 0x00000000e0000000)
  object space 327680K, 65% used [0x00000000a0000000,0x00000000ad071cb0,0x00000000b4000000)
 Metaspace       used 85057K, capacity 87290K, committed 87808K, reserved 1126400K
  class space    used 10108K, capacity 10666K, committed 10752K, reserved 1048576K
Event: 35.694 GC heap after
Heap after GC invocations=21 (full 3):
 PSYoungGen      total 369664K, used 103979K [0x00000000e0000000, 0x0000000100000000, 0x0000000100000000)
  eden space 234496K, 0% used [0x00000000e0000000,0x00000000e0000000,0x00000000ee500000)
  from space 135168K, 76% used [0x00000000f7c00000,0x00000000fe18ac18,0x0000000100000000)
  to   space 144896K, 0% used [0x00000000ee500000,0x00000000ee500000,0x00000000f7280000)
 ParOldGen       total 327680K, used 213447K [0x00000000a0000000, 0x00000000b4000000, 0x00000000e0000000)
  object space 327680K, 65% used [0x00000000a0000000,0x00000000ad071cb0,0x00000000b4000000)
 Metaspace       used 85057K, capacity 87290K, committed 87808K, reserved 1126400K
  class space    used 10108K, capacity 10666K, committed 10752K, reserved 1048576K
}
Event: 36.799 GC heap before
{Heap before GC invocations=22 (full 3):
 PSYoungGen      total 369664K, used 338475K [0x00000000e0000000, 0x0000000100000000, 0x0000000100000000)
  eden space 234496K, 100% used [0x00000000e0000000,0x00000000ee500000,0x00000000ee500000)
  from space 135168K, 76% used [0x00000000f7c00000,0x00000000fe18ac18,0x0000000100000000)
  to   space 144896K, 0% used [0x00000000ee500000,0x00000000ee500000,0x00000000f7280000)
 ParOldGen       total 327680K, used 213447K [0x00000000a0000000, 0x00000000b4000000, 0x00000000e0000000)
  object space 327680K, 65% used [0x00000000a0000000,0x00000000ad071e48,0x00000000b4000000)
 Metaspace       used 85310K, capacity 87546K, committed 88064K, reserved 1126400K
  class space    used 10108K, capacity 10666K, committed 10752K, reserved 1048576K
Event: 36.824 GC heap after
Heap after GC invocations=22 (full 3):
 PSYoungGen      total 379392K, used 45093K [0x00000000e0000000, 0x00000000ffe80000, 0x0000000100000000)
  eden space 234496K, 0% used [0x00000000e0000000,0x00000000e0000000,0x00000000ee500000)
  from space 144896K, 31% used [0x00000000ee500000,0x00000000f1109638,0x00000000f7280000)
  to   space 139264K, 0% used [0x00000000f7680000,0x00000000f7680000,0x00000000ffe80000)
 ParOldGen       total 327680K, used 213447K [0x00000000a0000000, 0x00000000b4000000, 0x00000000e0000000)
  object space 327680K, 65% used [0x00000000a0000000,0x00000000ad071e48,0x00000000b4000000)
 Metaspace       used 85310K, capacity 87546K, committed 88064K, reserved 1126400K
  class space    used 10108K, capacity 10666K, committed 10752K, reserved 1048576K
}
Event: 39.317 GC heap before
{Heap before GC invocations=23 (full 3):
 PSYoungGen      total 379392K, used 279589K [0x00000000e0000000, 0x00000000ffe80000, 0x0000000100000000)
  eden space 234496K, 100% used [0x00000000e0000000,0x00000000ee500000,0x00000000ee500000)
  from space 144896K, 31% used [0x00000000ee500000,0x00000000f1109638,0x00000000f7280000)
  to   space 139264K, 0% used [0x00000000f7680000,0x00000000f7680000,0x00000000ffe80000)
 ParOldGen       total 327680K, used 213450K [0x00000000a0000000, 0x00000000b4000000, 0x00000000e0000000)
  object space 327680K, 65% used [0x00000000a0000000,0x00000000ad072980,0x00000000b4000000)
 Metaspace       used 87274K, capacity 89636K, committed 89984K, reserved 1128448K
  class space    used 10172K, capacity 10767K, committed 10880K, reserved 1048576K
Event: 39.346 GC heap after
Heap after GC invocations=23 (full 3):
 PSYoungGen      total 359936K, used 60531K [0x00000000e0000000, 0x00000000feb80000, 0x0000000100000000)
  eden space 240128K, 0% used [0x00000000e0000000,0x00000000e0000000,0x00000000eea80000)
  from space 119808K, 50% used [0x00000000f7680000,0x00000000fb19cd00,0x00000000feb80000)
  to   space 131584K, 0% used [0x00000000eea80000,0x00000000eea80000,0x00000000f6b00000)
 ParOldGen       total 327680K, used 213458K [0x00000000a0000000, 0x00000000b4000000, 0x00000000e0000000)
  object space 327680K, 65% used [0x00000000a0000000,0x00000000ad074980,0x00000000b4000000)
 Metaspace       used 87274K, capacity 89636K, committed 89984K, reserved 1128448K
  class space    used 10172K, capacity 10767K, committed 10880K, reserved 1048576K
}
Event: 41.189 GC heap before
{Heap before GC invocations=24 (full 3):
 PSYoungGen      total 359936K, used 300659K [0x00000000e0000000, 0x00000000feb80000, 0x0000000100000000)
  eden space 240128K, 100% used [0x00000000e0000000,0x00000000eea80000,0x00000000eea80000)
  from space 119808K, 50% used [0x00000000f7680000,0x00000000fb19cd00,0x00000000feb80000)
  to   space 131584K, 0% used [0x00000000eea80000,0x00000000eea80000,0x00000000f6b00000)
 ParOldGen       total 327680K, used 213458K [0x00000000a0000000, 0x00000000b4000000, 0x00000000e0000000)
  object space 327680K, 65% used [0x00000000a0000000,0x00000000ad074980,0x00000000b4000000)
 Metaspace       used 88972K, capacity 91718K, committed 91904K, reserved 1130496K
  class space    used 10295K, capacity 10986K, committed 11008K, reserved 1048576K
Event: 41.221 GC heap after
Heap after GC invocations=24 (full 3):
 PSYoungGen      total 371712K, used 83852K [0x00000000e0000000, 0x0000000100000000, 0x0000000100000000)
  eden space 240128K, 0% used [0x00000000e0000000,0x00000000e0000000,0x00000000eea80000)
  from space 131584K, 63% used [0x00000000eea80000,0x00000000f3c63168,0x00000000f6b00000)
  to   space 133120K, 0% used [0x00000000f7e00000,0x00000000f7e00000,0x0000000100000000)
 ParOldGen       total 327680K, used 213466K [0x00000000a0000000, 0x00000000b4000000, 0x00000000e0000000)
  object space 327680K, 65% used [0x00000000a0000000,0x00000000ad076980,0x00000000b4000000)
 Metaspace       used 88972K, capacity 91718K, committed 91904K, reserved 1130496K
  class space    used 10295K, capacity 10986K, committed 11008K, reserved 1048576K
}

Deoptimization events (10 events):
Event: 41.664 Thread 0x00000266be36e000 Uncommon trap: reason=class_check action=maybe_recompile pc=0x00000266c20224d0 method=org.jetbrains.kotlin.protobuf.SmallSortedMap.ensureEntryArrayMutable()V @ 8
Event: 41.679 Thread 0x00000266be36e000 Uncommon trap: reason=bimorphic action=maybe_recompile pc=0x00000266c3c6b8e8 method=org.jetbrains.org.objectweb.asm.ClassReader.readMethod(Lorg/jetbrains/org/objectweb/asm/ClassVisitor;Lorg/jetbrains/org/objectweb/asm/Context;I)I @ 1092
Event: 41.680 Thread 0x00000266be36e000 Uncommon trap: reason=class_check action=maybe_recompile pc=0x00000266c20224d0 method=org.jetbrains.kotlin.protobuf.SmallSortedMap.ensureEntryArrayMutable()V @ 8
Event: 41.694 Thread 0x00000266be36e000 Uncommon trap: reason=bimorphic action=maybe_recompile pc=0x00000266c3c6b8e8 method=org.jetbrains.org.objectweb.asm.ClassReader.readMethod(Lorg/jetbrains/org/objectweb/asm/ClassVisitor;Lorg/jetbrains/org/objectweb/asm/Context;I)I @ 1092
Event: 41.695 Thread 0x00000266be36e000 Uncommon trap: reason=class_check action=maybe_recompile pc=0x00000266c20224d0 method=org.jetbrains.kotlin.protobuf.SmallSortedMap.ensureEntryArrayMutable()V @ 8
Event: 41.754 Thread 0x00000266be36e000 Uncommon trap: reason=unstable_if action=reinterpret pc=0x00000266c3f97c04 method=org.jetbrains.org.objectweb.asm.tree.analysis.Analyzer.merge(ILorg/jetbrains/org/objectweb/asm/tree/analysis/Frame;Lorg/jetbrains/org/objectweb/asm/tree/analysis/Subroutine;
Event: 41.759 Thread 0x00000266be36e000 Uncommon trap: reason=unstable_if action=reinterpret pc=0x00000266c490f024 method=org.jetbrains.org.objectweb.asm.tree.analysis.BasicValue.equals(Ljava/lang/Object;)Z @ 18
Event: 41.797 Thread 0x00000266be36e000 Uncommon trap: reason=unstable_if action=reinterpret pc=0x00000266c356f630 method=org.jetbrains.org.objectweb.asm.tree.analysis.SmallSet.union(Lorg/jetbrains/org/objectweb/asm/tree/analysis/SmallSet;)Ljava/util/Set; @ 30
Event: 41.798 Thread 0x00000266be36e000 Uncommon trap: reason=unstable_if action=reinterpret pc=0x00000266c2b839c4 method=org.jetbrains.org.objectweb.asm.tree.analysis.SmallSet.union(Lorg/jetbrains/org/objectweb/asm/tree/analysis/SmallSet;)Ljava/util/Set; @ 30
Event: 41.838 Thread 0x00000266be36e000 Uncommon trap: reason=bimorphic action=maybe_recompile pc=0x00000266c2afaf30 method=org.jetbrains.kotlin.protobuf.CodedOutputStream.refreshBuffer()V @ 28

Classes redefined (0 events):
No events

Internal exceptions (10 events):
Event: 39.125 Thread 0x00000266be36e000 Exception <a 'java/io/FileNotFoundException'> (0x00000000ed4b1350) thrown at [C:\wsjdk\Corretto8Src\installers\windows\zip\corretto-build\buildRoot\hotspot\src\share\vm\prims\jni.cpp, line 711]
Event: 39.125 Thread 0x00000266be36e000 Exception <a 'java/io/FileNotFoundException'> (0x00000000ed4b28a0) thrown at [C:\wsjdk\Corretto8Src\installers\windows\zip\corretto-build\buildRoot\hotspot\src\share\vm\prims\jni.cpp, line 711]
Event: 39.138 Thread 0x00000266be36e000 Exception <a 'java/io/FileNotFoundException'> (0x00000000ed6ea968) thrown at [C:\wsjdk\Corretto8Src\installers\windows\zip\corretto-build\buildRoot\hotspot\src\share\vm\prims\jni.cpp, line 711]
Event: 39.138 Thread 0x00000266be36e000 Exception <a 'java/io/FileNotFoundException'> (0x00000000ed6eb678) thrown at [C:\wsjdk\Corretto8Src\installers\windows\zip\corretto-build\buildRoot\hotspot\src\share\vm\prims\jni.cpp, line 711]
Event: 39.138 Thread 0x00000266be36e000 Exception <a 'java/io/FileNotFoundException'> (0x00000000ed6ec378) thrown at [C:\wsjdk\Corretto8Src\installers\windows\zip\corretto-build\buildRoot\hotspot\src\share\vm\prims\jni.cpp, line 711]
Event: 39.138 Thread 0x00000266be36e000 Exception <a 'java/io/FileNotFoundException'> (0x00000000ed6f6910) thrown at [C:\wsjdk\Corretto8Src\installers\windows\zip\corretto-build\buildRoot\hotspot\src\share\vm\prims\jni.cpp, line 711]
Event: 40.479 Thread 0x00000266be36e000 Implicit null exception at 0x00000266c0913b21 to 0x00000266c091448d
Event: 40.512 Thread 0x00000266be36e000 Implicit null exception at 0x00000266c3c4abf9 to 0x00000266c3c4aec0
Event: 40.916 Thread 0x00000266be36e000 Implicit null exception at 0x00000266c454d470 to 0x00000266c454d4d5
Event: 41.759 Thread 0x00000266be36e000 Implicit null exception at 0x00000266c490eb55 to 0x00000266c490f005

Events (10 events):
Event: 41.844 loading class org/apache/maven/artifact/resolver/DefaultResolutionErrorHandler
Event: 41.844 loading class org/apache/maven/artifact/resolver/DefaultResolutionErrorHandler done
Event: 41.844 loading class org/codehaus/plexus/component/configurator/BasicComponentConfigurator
Event: 41.844 loading class org/codehaus/plexus/component/configurator/BasicComponentConfigurator done
Event: 41.844 loading class org/codehaus/plexus/component/configurator/BasicComponentConfigurator
Event: 41.844 loading class org/codehaus/plexus/component/configurator/BasicComponentConfigurator done
Event: 41.844 loading class org/codehaus/plexus/component/configurator/MapOrientedComponentConfigurator
Event: 41.844 loading class org/codehaus/plexus/component/configurator/MapOrientedComponentConfigurator done
Event: 41.845 loading class org/codehaus/plexus/component/configurator/MapOrientedComponentConfigurator
Event: 41.845 loading class org/codehaus/plexus/component/configurator/MapOrientedComponentConfigurator done


Dynamic libraries:
0x00007ff66bd90000 - 0x00007ff66bdca000 	E:\JAVA_HOME\jdk-1.8\bin\java.exe
0x00007ffde9cc0000 - 0x00007ffde9ec9000 	C:\WINDOWS\SYSTEM32\ntdll.dll
0x00007ffde8620000 - 0x00007ffde86de000 	C:\WINDOWS\System32\KERNEL32.DLL
0x00007ffde7170000 - 0x00007ffde74f4000 	C:\WINDOWS\System32\KERNELBASE.dll
0x00007ffde8420000 - 0x00007ffde84cf000 	C:\WINDOWS\System32\ADVAPI32.dll
0x00007ffde9410000 - 0x00007ffde94b3000 	C:\WINDOWS\System32\msvcrt.dll
0x00007ffde7fe0000 - 0x00007ffde807e000 	C:\WINDOWS\System32\sechost.dll
0x00007ffde9120000 - 0x00007ffde9241000 	C:\WINDOWS\System32\RPCRT4.dll
0x00007ffde8f70000 - 0x00007ffde911d000 	C:\WINDOWS\System32\USER32.dll
0x00007ffde7620000 - 0x00007ffde7646000 	C:\WINDOWS\System32\win32u.dll
0x00007ffde9c40000 - 0x00007ffde9c6a000 	C:\WINDOWS\System32\GDI32.dll
0x00007ffde7500000 - 0x00007ffde761f000 	C:\WINDOWS\System32\gdi32full.dll
0x00007ffde77e0000 - 0x00007ffde787d000 	C:\WINDOWS\System32\msvcp_win.dll
0x00007ffde76c0000 - 0x00007ffde77d1000 	C:\WINDOWS\System32\ucrtbase.dll
0x00007ffdda1b0000 - 0x00007ffdda455000 	C:\WINDOWS\WinSxS\amd64_microsoft.windows.common-controls_6595b64144ccf1df_6.0.22000.120_none_9d947278b86cc467\COMCTL32.dll
0x00007ffde85e0000 - 0x00007ffde8611000 	C:\WINDOWS\System32\IMM32.DLL
0x00007ffdaaf50000 - 0x00007ffdab03f000 	E:\JAVA_HOME\jdk-1.8\jre\bin\msvcr120.dll
0x00007ffdaaea0000 - 0x00007ffdaaf46000 	E:\JAVA_HOME\jdk-1.8\jre\bin\msvcp120.dll
0x0000000068fe0000 - 0x0000000069855000 	E:\JAVA_HOME\jdk-1.8\jre\bin\server\jvm.dll
0x00007ffde83a0000 - 0x00007ffde83a8000 	C:\WINDOWS\System32\PSAPI.DLL
0x00007ffddf880000 - 0x00007ffddf88a000 	C:\WINDOWS\SYSTEM32\VERSION.dll
0x00007ffde1160000 - 0x00007ffde1193000 	C:\WINDOWS\SYSTEM32\WINMM.dll
0x00007ffde35d0000 - 0x00007ffde35d9000 	C:\WINDOWS\SYSTEM32\WSOCK32.dll
0x00007ffde83b0000 - 0x00007ffde841f000 	C:\WINDOWS\System32\WS2_32.dll
0x00007ffdd2350000 - 0x00007ffdd235f000 	E:\JAVA_HOME\jdk-1.8\jre\bin\verify.dll
0x00007ffdc3c00000 - 0x00007ffdc3c29000 	E:\JAVA_HOME\jdk-1.8\jre\bin\java.dll
0x00007ffdd8bc0000 - 0x00007ffdd8bea000 	E:\JAVA_HOME\jdk-1.8\jre\bin\instrument.dll
0x00007ffdc3be0000 - 0x00007ffdc3bf6000 	E:\JAVA_HOME\jdk-1.8\jre\bin\zip.dll
0x00007ffde87a0000 - 0x00007ffde8f65000 	C:\WINDOWS\System32\SHELL32.dll
0x00007ffde5210000 - 0x00007ffde5a74000 	C:\WINDOWS\SYSTEM32\windows.storage.dll
0x00007ffde7b30000 - 0x00007ffde7ea6000 	C:\WINDOWS\System32\combase.dll
0x00007ffde50a0000 - 0x00007ffde5207000 	C:\WINDOWS\SYSTEM32\wintypes.dll
0x00007ffde84d0000 - 0x00007ffde85ba000 	C:\WINDOWS\System32\SHCORE.dll
0x00007ffde86e0000 - 0x00007ffde873d000 	C:\WINDOWS\System32\shlwapi.dll
0x00007ffde70a0000 - 0x00007ffde70c1000 	C:\WINDOWS\SYSTEM32\profapi.dll
0x00007ffde1480000 - 0x00007ffde149a000 	E:\idea\IntelliJ IDEA 2021.2.1\bin\breakgen64.dll
0x00007ffdc3bc0000 - 0x00007ffdc3bda000 	E:\JAVA_HOME\jdk-1.8\jre\bin\net.dll
0x00007ffde6690000 - 0x00007ffde66f7000 	C:\WINDOWS\system32\mswsock.dll
0x00007ffde68e0000 - 0x00007ffde68f8000 	C:\WINDOWS\SYSTEM32\CRYPTSP.dll
0x00007ffde6120000 - 0x00007ffde6155000 	C:\WINDOWS\system32\rsaenh.dll
0x00007ffde6790000 - 0x00007ffde67b9000 	C:\WINDOWS\SYSTEM32\USERENV.dll
0x00007ffde6ad0000 - 0x00007ffde6af7000 	C:\WINDOWS\SYSTEM32\bcrypt.dll
0x00007ffde7880000 - 0x00007ffde78ff000 	C:\WINDOWS\System32\bcryptprimitives.dll
0x00007ffde6900000 - 0x00007ffde690c000 	C:\WINDOWS\SYSTEM32\CRYPTBASE.dll
0x00007ffde5cd0000 - 0x00007ffde5cfd000 	C:\WINDOWS\SYSTEM32\IPHLPAPI.DLL
0x00007ffde9760000 - 0x00007ffde9769000 	C:\WINDOWS\System32\NSI.dll
0x00007ffde02e0000 - 0x00007ffde02f9000 	C:\WINDOWS\SYSTEM32\dhcpcsvc6.DLL
0x00007ffde1fa0000 - 0x00007ffde1fbe000 	C:\WINDOWS\SYSTEM32\dhcpcsvc.DLL
0x00007ffde5d00000 - 0x00007ffde5de8000 	C:\WINDOWS\SYSTEM32\DNSAPI.dll
0x00007ffdbde60000 - 0x00007ffdbde72000 	E:\JAVA_HOME\jdk-1.8\jre\bin\nio.dll
0x00007ffde2c30000 - 0x00007ffde2c3a000 	C:\Users\Whitence\AppData\Local\Temp\jansi-1.17.1-7281383762635988080.dll
0x00007ffde2b10000 - 0x00007ffde2b1a000 	C:\Users\Whitence\AppData\Local\Temp\jansi-1.17.1-8049822310211475601.dll
0x00007ffde35c0000 - 0x00007ffde35cd000 	E:\JAVA_HOME\jdk-1.8\jre\bin\management.dll
0x00007ffdcb4a0000 - 0x00007ffdcb4b7000 	C:\WINDOWS\system32\napinsp.dll
0x00007ffdcacd0000 - 0x00007ffdcaceb000 	C:\WINDOWS\system32\pnrpnsp.dll
0x00007ffdc8940000 - 0x00007ffdc8952000 	C:\WINDOWS\System32\winrnr.dll
0x00007ffdc8880000 - 0x00007ffdc8895000 	C:\WINDOWS\system32\wshbth.dll
0x00007ffdc8830000 - 0x00007ffdc884f000 	C:\WINDOWS\system32\nlansp_c.dll
0x00007ffddbbd0000 - 0x00007ffddbbda000 	C:\Windows\System32\rasadhlp.dll
0x00007ffddf3d0000 - 0x00007ffddf452000 	C:\WINDOWS\System32\fwpuclnt.dll

VM Arguments:
jvm_args: -Dmaven.multiModuleProjectDirectory=E:\JAVA_Files\SourceCodeReading\spring-boot-2.1.0.RELEASE -Xmx1536m -Dmaven.home=E:\Maven\apache-maven-3.6.3 -Dclassworlds.conf=E:\Maven\apache-maven-3.6.3\bin\m2.conf -Dmaven.ext.class.path=E:\idea\IntelliJ IDEA 2021.2.1\plugins\maven\lib\maven-event-listener.jar -javaagent:E:\idea\IntelliJ IDEA 2021.2.1\lib\idea_rt.jar=56841:E:\idea\IntelliJ IDEA 2021.2.1\bin -Dfile.encoding=UTF-8 
java_command: org.codehaus.classworlds.Launcher -Didea.version=2021.2.1 -s E:\Maven\apache-maven-3.6.3\conf\settings.xml clean install -DskipTests -Pfast
java_class_path (initial): E:\Maven\apache-maven-3.6.3\boot\plexus-classworlds-2.6.0.jar;E:\Maven\apache-maven-3.6.3\boot\plexus-classworlds.license;E:\idea\IntelliJ IDEA 2021.2.1\lib\idea_rt.jar
Launcher Type: SUN_STANDARD

Environment Variables:
JAVA_HOME=E:\JAVA_HOME\jdk-17.0.6
PATH=C:\WINDOWS\system32;C:\WINDOWS;C:\WINDOWS\System32\Wbem;C:\WINDOWS\System32\WindowsPowerShell\v1.0\;C:\WINDOWS\System32\OpenSSH\;E:\POSTGRESQLFILE\bin;E:\Maven\apache-maven-3.6.3\bin;E:\JAVA_HOME\jdk-17.0.6\bin;E:\MySQL\mysql-8.0.11-winx64\bin;C:\ProgramData\chocolatey\bin;E:\Git\Git\cmd;E:\Nodejs;E:\Gradle\gradle-7.4\bin;D:\xshell\;D:\xftp\;D:\Pandoc;C:\Users\Whitence\AppData\Local\Microsoft\WindowsApps;C:\Users\Whitence\AppData\Roaming\npm;E:\Clion\CLion 2021.3\bin;;D:\download\qqGame\Hall.57773\;E:\VSCode\Microsoft VS Code\bin;D:\MinGW\mingw64\bin;D:\Pandoc;
USERNAME=Whitence
OS=Windows_NT
PROCESSOR_IDENTIFIER=AMD64 Family 23 Model 96 Stepping 1, AuthenticAMD



---------------  S Y S T E M  ---------------

OS: Windows 11 , 64 bit Build 22000 (10.0.22000.1880)

CPU:total 16 (initial active 16) (16 cores per cpu, 1 threads per core) family 23 model 96 stepping 1, cmov, cx8, fxsr, mmx, sse, sse2, sse3, ssse3, sse4.1, sse4.2, popcnt, avx, avx2, aes, clmul, mmxext, 3dnowpref, lzcnt, sse4a, tsc, tscinvbit, tscinv, bmi1

Memory: 4k page, physical 16112436k(1160008k free), swap 26819380k(5148k free)

vm_info: OpenJDK 64-Bit Server VM (25.342-b07) for windows-amd64 JRE (1.8.0_342-b07), built on Jul 21 2022 18:16:14 by "Administrator" with MS VC++ 12.0 (VS2013)

time: Tue Jun 27 09:51:51 2023
timezone: 中国标准时间
elapsed time: 41.878360 seconds (0d 0h 0m 41s)

